[debug] [2024-10-02T13:25:21.483Z] ----------------------------------------------------------------------
[debug] [2024-10-02T13:25:21.486Z] Command:       C:\Program Files\nodejs\node.exe C:\Users\Dell\AppData\Roaming\npm\node_modules\firebase-tools\lib\bin\firebase.js init
[debug] [2024-10-02T13:25:21.486Z] CLI Version:   13.20.2
[debug] [2024-10-02T13:25:21.487Z] Platform:      win32
[debug] [2024-10-02T13:25:21.487Z] Node Version:  v18.20.4
[debug] [2024-10-02T13:25:21.488Z] Time:          Wed Oct 02 2024 18:55:21 GMT+0530 (India Standard Time)
[debug] [2024-10-02T13:25:21.488Z] ----------------------------------------------------------------------
[debug] 
[debug] [2024-10-02T13:25:21.495Z] > command requires scopes: ["email","openid","https://www.googleapis.com/auth/cloudplatformprojects.readonly","https://www.googleapis.com/auth/firebase","https://www.googleapis.com/auth/cloud-platform"]
[debug] [2024-10-02T13:25:21.496Z] > authorizing via signed-in user (kapoorraghav0310@gmail.com)
[info] 
     ######## #### ########  ######## ########     ###     ######  ########
     ##        ##  ##     ## ##       ##     ##  ##   ##  ##       ##
     ######    ##  ########  ######   ########  #########  ######  ######
     ##        ##  ##    ##  ##       ##     ## ##     ##       ## ##
     ##       #### ##     ## ######## ########  ##     ##  ######  ########

You're about to initialize a Firebase project in this directory:

  C:\Desktop\New folder (4)\real-time-chat

Before we get started, keep in mind:

  * You are currently outside your home directory

[info] 
=== Project Setup
[info] 
[info] First, let's associate this project directory with a Firebase project.
[info] You can create multiple project aliases by running firebase use --add, 
[info] but for now we'll just set up a default project.
[info] 
[debug] [2024-10-02T13:25:35.103Z] Checked if tokens are valid: true, expires at: 1727878928435
[debug] [2024-10-02T13:25:35.104Z] Checked if tokens are valid: true, expires at: 1727878928435
[debug] [2024-10-02T13:25:35.106Z] >>> [apiv2][query] GET https://firebase.googleapis.com/v1beta1/projects pageSize=100
[debug] [2024-10-02T13:25:35.871Z] <<< [apiv2][status] GET https://firebase.googleapis.com/v1beta1/projects 200
[debug] [2024-10-02T13:25:35.872Z] <<< [apiv2][body] GET https://firebase.googleapis.com/v1beta1/projects [omitted]
[info] i  Using project chat-app-97e8d (chat app) 
[info] 
=== Hosting Setup
[debug] [2024-10-02T13:25:38.562Z] Checked if tokens are valid: true, expires at: 1727878928435
[debug] [2024-10-02T13:25:38.562Z] Checked if tokens are valid: true, expires at: 1727878928435
[debug] [2024-10-02T13:25:38.562Z] >>> [apiv2][query] GET https://firebase.googleapis.com/v1beta1/projects/chat-app-97e8d [none]
[debug] [2024-10-02T13:25:39.038Z] <<< [apiv2][status] GET https://firebase.googleapis.com/v1beta1/projects/chat-app-97e8d 200
[debug] [2024-10-02T13:25:39.038Z] <<< [apiv2][body] GET https://firebase.googleapis.com/v1beta1/projects/chat-app-97e8d {"projectId":"chat-app-97e8d","projectNumber":"935784618289","displayName":"chat app","name":"projects/chat-app-97e8d","resources":{"hostingSite":"chat-app-97e8d"},"state":"ACTIVE","etag":"1_1b4925e3-def0-4905-9c16-43cae06920a4"}
[info] 
[info] Your public directory is the folder (relative to your project directory) that
[info] will contain Hosting assets to be uploaded with firebase deploy. If you
[info] have a build process for your assets, use your build's output directory.
[info] 
[debug] [2024-10-02T13:25:51.290Z] >>> [apiv2][query] GET https://www.gstatic.com/firebasejs/releases.json [none]
[debug] [2024-10-02T13:25:51.443Z] <<< [apiv2][status] GET https://www.gstatic.com/firebasejs/releases.json 200
[debug] [2024-10-02T13:25:51.443Z] <<< [apiv2][body] GET https://www.gstatic.com/firebasejs/releases.json {"current":{"version":"10.14.0","browserURL":"https://www.gstatic.com/firebasejs/10.14.0/firebase.js","packageURL":"https://www.gstatic.com/firebasejs/10.14.0/firebase.tgz"},"live":{"version":"10.14","browserURL":"https://www.gstatic.com/firebasejs/live/10.14/firebase.js","packageURL":"https://www.gstatic.com/firebasejs/live/10.14/firebase.tgz"},"components":{"analytics":"https://www.gstatic.com/firebasejs/10.14.0/firebase-analytics.js","app":"https://www.gstatic.com/firebasejs/10.14.0/firebase-app.js","app-check":"https://www.gstatic.com/firebasejs/10.14.0/firebase-app-check.js","auth":"https://www.gstatic.com/firebasejs/10.14.0/firebase-auth.js","auth/cordova":"https://www.gstatic.com/firebasejs/10.14.0/firebase-auth/cordova.js","auth/web-extension":"https://www.gstatic.com/firebasejs/10.14.0/firebase-auth/web-extension.js","functions":"https://www.gstatic.com/firebasejs/10.14.0/firebase-functions.js","firestore":"https://www.gstatic.com/firebasejs/10.14.0/firebase-firestore.js","firestore/lite":"https://www.gstatic.com/firebasejs/10.14.0/firebase-firestore/lite.js","installations":"https://www.gstatic.com/firebasejs/10.14.0/firebase-installations.js","storage":"https://www.gstatic.com/firebasejs/10.14.0/firebase-storage.js","performance":"https://www.gstatic.com/firebasejs/10.14.0/firebase-performance.js","remote-config":"https://www.gstatic.com/firebasejs/10.14.0/firebase-remote-config.js","messaging":"https://www.gstatic.com/firebasejs/10.14.0/firebase-messaging.js","messaging/sw":"https://www.gstatic.com/firebasejs/10.14.0/firebase-messaging/sw.js","database":"https://www.gstatic.com/firebasejs/10.14.0/firebase-database.js","data-connect":"https://www.gstatic.com/firebasejs/10.14.0/firebase-data-connect.js","vertexai-preview":"https://www.gstatic.com/firebasejs/10.14.0/firebase-vertexai-preview.js","firestore.memory":"https://www.gstatic.com/firebasejs/10.14.0/firebase-firestore.memory.js"}}
[info] +  Wrote y/index.html 
[info] 
[info] i  Detected a .git folder at C:\Desktop\New folder (4)\real-time-chat 
[info] i  Authorizing with GitHub to upload your service account to a GitHub repository's secrets store. 
[info] 
[info] Visit this URL on this device to log in:
[info] https://github.com/login/oauth/authorize?client_id=89cf50f02ac6aaed3484&state=439043894&redirect_uri=http%3A%2F%2Flocalhost%3A9005&scope=read%3Auser%20repo%20public_repo
[info] 
[info] Waiting for authentication...
[debug] [2024-10-02T13:31:37.105Z] >>> [apiv2][query] POST https://github.com/login/oauth/access_token [none]
[debug] [2024-10-02T13:31:37.105Z] >>> [apiv2][body] POST https://github.com/login/oauth/access_token [stream]
[debug] [2024-10-02T13:31:37.603Z] <<< [apiv2][status] POST https://github.com/login/oauth/access_token 200
[debug] [2024-10-02T13:31:37.603Z] <<< [apiv2][body] POST https://github.com/login/oauth/access_token {"access_token":"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","token_type":"bearer","scope":"read:user,repo"}
[debug] [2024-10-02T13:31:37.607Z] >>> [apiv2][query] GET https://api.github.com/user [none]
[debug] [2024-10-02T13:31:38.107Z] <<< [apiv2][status] GET https://api.github.com/user 200
[debug] [2024-10-02T13:31:38.107Z] <<< [apiv2][body] GET https://api.github.com/user {"login":"raghavkapoor-prog","id":114831248,"node_id":"U_kgDOBtgvkA","avatar_url":"https://avatars.githubusercontent.com/u/114831248?v=4","gravatar_id":"","url":"https://api.github.com/users/raghavkapoor-prog","html_url":"https://github.com/raghavkapoor-prog","followers_url":"https://api.github.com/users/raghavkapoor-prog/followers","following_url":"https://api.github.com/users/raghavkapoor-prog/following{/other_user}","gists_url":"https://api.github.com/users/raghavkapoor-prog/gists{/gist_id}","starred_url":"https://api.github.com/users/raghavkapoor-prog/starred{/owner}{/repo}","subscriptions_url":"https://api.github.com/users/raghavkapoor-prog/subscriptions","organizations_url":"https://api.github.com/users/raghavkapoor-prog/orgs","repos_url":"https://api.github.com/users/raghavkapoor-prog/repos","events_url":"https://api.github.com/users/raghavkapoor-prog/events{/privacy}","received_events_url":"https://api.github.com/users/raghavkapoor-prog/received_events","type":"User","site_admin":false,"name":"Raghav Kapoor","company":null,"blog":"","location":"India Delhi ","email":null,"hireable":null,"bio":"IBM z Systems Mentorship || Interned @Apna College ||Data Structures and algorithms ||Web development || machine learning","twitter_username":null,"notification_email":null,"public_repos":49,"public_gists":0,"followers":29,"following":26,"created_at":"2022-10-01T19:22:11Z","updated_at":"2024-08-12T16:08:45Z","private_gists":0,"total_private_repos":7,"owned_private_repos":7,"disk_usage":378576,"collaborators":1,"two_factor_authentication":true,"plan":{"name":"free","space":976562499,"collaborators":0,"private_repos":10000}}
[info] 
[info] +  Success! Logged into GitHub as raghavkapoor-prog 
[info] 
[debug] [2024-10-02T13:32:11.923Z] >>> [apiv2][query] GET https://api.github.com/repos//actions/secrets/public-key type=owner
[debug] [2024-10-02T13:32:12.341Z] <<< [apiv2][status] GET https://api.github.com/repos//actions/secrets/public-key 404
[debug] [2024-10-02T13:32:12.341Z] <<< [apiv2][body] GET https://api.github.com/repos//actions/secrets/public-key {"message":"Not Found","documentation_url":"https://docs.github.com/rest","status":"404"}
[info] 
[info] 
[error] !  The provided authorization cannot be used with this repository. If this repository is in an organization, did you remember to grant access? 
[info] 
[info] i  Action required: Visit this URL to ensure access has been granted to the appropriate organization(s) for the Firebase CLI GitHub OAuth App: 
[info] https://github.com/settings/connections/applications/89cf50f02ac6aaed3484
[info] 
